-------------------------------------------------------------------------------
Test set: com.ujisistemcassandra.UjisistemcassandraApplicationTests
-------------------------------------------------------------------------------
Tests run: 1, Failures: 0, Errors: 1, Skipped: 0, Time elapsed: 0.101 s <<< FAILURE! - in com.ujisistemcassandra.UjisistemcassandraApplicationTests
initializationError(com.ujisistemcassandra.UjisistemcassandraApplicationTests)  Time elapsed: 0.01 s  <<< ERROR!
org.junit.runners.model.InvalidTestClassError: 
Invalid test class 'com.ujisistemcassandra.UjisistemcassandraApplicationTests':
  1. The class com.ujisistemcassandra.UjisistemcassandraApplicationTests is not public.
  2. Test class should have exactly one public constructor
  3. Method contextLoads() should be public

