<?xml version="1.0" encoding="UTF-8"?>
<testsuite xmlns:xsi="http://www.w3.org/2001/XMLSchema-instance" xsi:noNamespaceSchemaLocation="https://maven.apache.org/surefire/maven-surefire-plugin/xsd/surefire-test-report.xsd" name="com.ujisistemcassandra.UjisistemcassandraApplicationTests" time="0.101" tests="1" errors="1" skipped="0" failures="0">
  <properties>
[...]
</properties>
  <testcase name="initializationError" classname="com.ujisistemcassandra.UjisistemcassandraApplicationTests" time="0.01">
    <error message="Invalid test class &apos;com.ujisistemcassandra.UjisistemcassandraApplicationTests&apos;:&#10;  1. The class com.ujisistemcassandra.UjisistemcassandraApplicationTests is not public.&#10;  2. Test class should have exactly one public constructor&#10;  3. Method contextLoads() should be public" type="org.junit.runners.model.InvalidTestClassError">org.junit.runners.model.InvalidTestClassError: 
Invalid test class 'com.ujisistemcassandra.UjisistemcassandraApplicationTests':
  1. The class com.ujisistemcassandra.UjisistemcassandraApplicationTests is not public.
  2. Test class should have exactly one public constructor
  3. Method contextLoads() should be public
</error>
  </testcase>
</testsuite>